#Build: Fabric Compiler 2022.2-SP1-Lite, Build 132640, Aug 18 15:10 2023
#Install: D:\PDS_2022.2-SP1-Lite\bin
#Application name: pds.exe
#OS: Windows 10 10.0.22000
#Hostname: LAPTOP-2CVP5CGI
Generated by Fabric Compiler (version 2022.2-SP1-Lite build 132640) at Wed Nov 15 20:42:00 2023
Parse module hierarchy of project 'D:/competition/video_stitching_scaling_v1/pango_project/temp_projects/Main_Flow/Main_Flow.pds' (ADS Parser)
Parse module hierarchy of project 'D:/competition/video_stitching_scaling_v1/pango_project/temp_projects/Main_Flow/Main_Flow.pds' (ADS Parser)
I: Flow-6004: Design file modified: "D:/competition/video_stitching_scaling_v1/rtl/video_stitching_scaling.v". 
Parse module hierarchy of project 'D:/competition/video_stitching_scaling_v1/pango_project/temp_projects/Main_Flow/Main_Flow.pds' (ADS Parser)
I: Flow-6004: Design file modified: "D:/competition/video_stitching_scaling_v1/rtl/Camera_top.v". 
Parse module hierarchy of project 'D:/competition/video_stitching_scaling_v1/pango_project/temp_projects/Main_Flow/Main_Flow.pds' (ADS Parser)
I: Flow-6004: Design file modified: "D:/competition/video_stitching_scaling_v1/rtl/DDR3_interface_top.v". 
Parse module hierarchy of project 'D:/competition/video_stitching_scaling_v1/pango_project/temp_projects/Main_Flow/Main_Flow.pds' (ADS Parser)
I: Flow-6004: Design file modified: "D:/competition/video_stitching_scaling_v1/rtl/Ethernet_top.v". 
Parse module hierarchy of project 'D:/competition/video_stitching_scaling_v1/pango_project/temp_projects/Main_Flow/Main_Flow.pds' (ADS Parser)
I: Flow-6004: Design file modified: "D:/competition/video_stitching_scaling_v1/rtl/HDMI_top.v". 
Parse module hierarchy of project 'D:/competition/video_stitching_scaling_v1/pango_project/temp_projects/Main_Flow/Main_Flow.pds' (ADS Parser)
I: Flow-6004: Design file modified: "D:/competition/video_stitching_scaling_v1/rtl/Video_processing_top.v". 
Parse module hierarchy of project 'D:/competition/video_stitching_scaling_v1/pango_project/temp_projects/Main_Flow/Main_Flow.pds' (ADS Parser)
I: Flow-6004: Design file modified: "D:/competition/video_stitching_scaling_v1/rtl/video_stitching_scaling.v". 
Parse module hierarchy of project 'D:/competition/video_stitching_scaling_v1/pango_project/temp_projects/Main_Flow/Main_Flow.pds' (ADS Parser)
I: Flow-6004: Design file modified: "D:/competition/video_stitching_scaling_v1/rtl/Camera_top/cam_data_converter.v". 
Parse module hierarchy of project 'D:/competition/video_stitching_scaling_v1/pango_project/temp_projects/Main_Flow/Main_Flow.pds' (ADS Parser)
I: Flow-6004: Design file modified: "D:/competition/video_stitching_scaling_v1/rtl/Camera_top/ov5640_lut.v". 
Parse module hierarchy of project 'D:/competition/video_stitching_scaling_v1/pango_project/temp_projects/Main_Flow/Main_Flow.pds' (ADS Parser)
I: Flow-6004: Design file modified: "D:/competition/video_stitching_scaling_v1/rtl/Camera_top/sccb_driver.v". 
Parse module hierarchy of project 'D:/competition/video_stitching_scaling_v1/pango_project/temp_projects/Main_Flow/Main_Flow.pds' (ADS Parser)
I: Flow-6004: Design file modified: "D:/competition/video_stitching_scaling_v1/rtl/DDR3_interface_top/arbiter.v". 
Parse module hierarchy of project 'D:/competition/video_stitching_scaling_v1/pango_project/temp_projects/Main_Flow/Main_Flow.pds' (ADS Parser)
I: Flow-6004: Design file modified: "D:/competition/video_stitching_scaling_v1/rtl/DDR3_interface_top/AXI_rw_FIFO.v". 
Parse module hierarchy of project 'D:/competition/video_stitching_scaling_v1/pango_project/temp_projects/Main_Flow/Main_Flow.pds' (ADS Parser)
I: Flow-6004: Design file modified: "D:/competition/video_stitching_scaling_v1/rtl/DDR3_interface_top/simplified_AXI.v". 
Parse module hierarchy of project 'D:/competition/video_stitching_scaling_v1/pango_project/temp_projects/Main_Flow/Main_Flow.pds' (ADS Parser)
I: Flow-6004: Design file modified: "D:/competition/video_stitching_scaling_v1/rtl/Ethernet_top/arp.v". 
Parse module hierarchy of project 'D:/competition/video_stitching_scaling_v1/pango_project/temp_projects/Main_Flow/Main_Flow.pds' (ADS Parser)
I: Flow-6004: Design file modified: "D:/competition/video_stitching_scaling_v1/rtl/Ethernet_top/gmii_to_rgmii.v". 
Parse module hierarchy of project 'D:/competition/video_stitching_scaling_v1/pango_project/temp_projects/Main_Flow/Main_Flow.pds' (ADS Parser)
I: Flow-6004: Design file modified: "D:/competition/video_stitching_scaling_v1/rtl/Ethernet_top/udp_rx.v". 
Parse module hierarchy of project 'D:/competition/video_stitching_scaling_v1/pango_project/temp_projects/Main_Flow/Main_Flow.pds' (ADS Parser)
I: Flow-6004: Design file modified: "D:/competition/video_stitching_scaling_v1/rtl/Ethernet_top/arp/arp_rx.v". 
Parse module hierarchy of project 'D:/competition/video_stitching_scaling_v1/pango_project/temp_projects/Main_Flow/Main_Flow.pds' (ADS Parser)
I: Flow-6004: Design file modified: "D:/competition/video_stitching_scaling_v1/rtl/Ethernet_top/arp/arp_tx.v". 
Parse module hierarchy of project 'D:/competition/video_stitching_scaling_v1/pango_project/temp_projects/Main_Flow/Main_Flow.pds' (ADS Parser)
I: Flow-6004: Design file modified: "D:/competition/video_stitching_scaling_v1/rtl/Ethernet_top/arp/crc32_d8.v". 
Parse module hierarchy of project 'D:/competition/video_stitching_scaling_v1/pango_project/temp_projects/Main_Flow/Main_Flow.pds' (ADS Parser)
I: Flow-6004: Design file modified: "D:/competition/video_stitching_scaling_v1/rtl/Ethernet_top/gmii_to_rgmii/rgmii_rx.v". 
Parse module hierarchy of project 'D:/competition/video_stitching_scaling_v1/pango_project/temp_projects/Main_Flow/Main_Flow.pds' (ADS Parser)
I: Flow-6004: Design file modified: "D:/competition/video_stitching_scaling_v1/rtl/Ethernet_top/gmii_to_rgmii/rgmii_tx.v". 
Parse module hierarchy of project 'D:/competition/video_stitching_scaling_v1/pango_project/temp_projects/Main_Flow/Main_Flow.pds' (ADS Parser)
I: Flow-6004: Design file modified: "D:/competition/video_stitching_scaling_v1/rtl/HDMI_top/iic_dri.v". 
Parse module hierarchy of project 'D:/competition/video_stitching_scaling_v1/pango_project/temp_projects/Main_Flow/Main_Flow.pds' (ADS Parser)
I: Flow-6004: Design file modified: "D:/competition/video_stitching_scaling_v1/rtl/HDMI_top/ms72xx_init.v". 
Parse module hierarchy of project 'D:/competition/video_stitching_scaling_v1/pango_project/temp_projects/Main_Flow/Main_Flow.pds' (ADS Parser)
I: Flow-6004: Design file modified: "D:/competition/video_stitching_scaling_v1/rtl/HDMI_top/ms7200_lut.v". 
Parse module hierarchy of project 'D:/competition/video_stitching_scaling_v1/pango_project/temp_projects/Main_Flow/Main_Flow.pds' (ADS Parser)
I: Flow-6004: Design file modified: "D:/competition/video_stitching_scaling_v1/rtl/HDMI_top/ms7210_lut.v". 
Parse module hierarchy of project 'D:/competition/video_stitching_scaling_v1/pango_project/temp_projects/Main_Flow/Main_Flow.pds' (ADS Parser)
I: Flow-6004: Design file modified: "D:/competition/video_stitching_scaling_v1/rtl/HDMI_top/video_driver.v". 
Parse module hierarchy of project 'D:/competition/video_stitching_scaling_v1/pango_project/temp_projects/Main_Flow/Main_Flow.pds' (ADS Parser)
I: Flow-6004: Design file modified: "D:/competition/video_stitching_scaling_v1/rtl/HDMI_top/video_display.v". 
Parse module hierarchy of project 'D:/competition/video_stitching_scaling_v1/pango_project/temp_projects/Main_Flow/Main_Flow.pds' (ADS Parser)
I: Flow-6004: Design file modified: "D:/competition/video_stitching_scaling_v1/rtl/Video_processing_top/bilinear_calculator.v". 
Parse module hierarchy of project 'D:/competition/video_stitching_scaling_v1/pango_project/temp_projects/Main_Flow/Main_Flow.pds' (ADS Parser)
I: Flow-6004: Design file modified: "D:/competition/video_stitching_scaling_v1/rtl/Video_processing_top/bilinear_interpolation.v". 
Parse module hierarchy of project 'D:/competition/video_stitching_scaling_v1/pango_project/temp_projects/Main_Flow/Main_Flow.pds' (ADS Parser)
I: Flow-6004: Design file modified: "D:/competition/video_stitching_scaling_v1/rtl/Video_processing_top/image_2x2.v". 
Parse module hierarchy of project 'D:/competition/video_stitching_scaling_v1/pango_project/temp_projects/Main_Flow/Main_Flow.pds' (ADS Parser)
I: Flow-6004: Design file modified: "D:/competition/video_stitching_scaling_v1/rtl/Video_processing_top_1.v". 
Parse module hierarchy of project 'D:/competition/video_stitching_scaling_v1/pango_project/temp_projects/Main_Flow/Main_Flow.pds' (ADS Parser)
I: Flow-6004: Design file modified: "D:/competition/video_stitching_scaling_v1/rtl/Video_processing_top_1/bilinear_interpolation_calculator.v". 
Parse module hierarchy of project 'D:/competition/video_stitching_scaling_v1/pango_project/temp_projects/Main_Flow/Main_Flow.pds' (ADS Parser)
I: Flow-6004: Design file modified: "D:/competition/video_stitching_scaling_v1/rtl/Video_processing_top_1/divider.v". 
Parse module hierarchy of project 'D:/competition/video_stitching_scaling_v1/pango_project/temp_projects/Main_Flow/Main_Flow.pds' (ADS Parser)
I: Flow-6004: Design file modified: "D:/competition/video_stitching_scaling_v1/rtl/Video_processing_top_1/input_ram_matrix.v". 
Parse module hierarchy of project 'D:/competition/video_stitching_scaling_v1/pango_project/temp_projects/Main_Flow/Main_Flow.pds' (ADS Parser)
I: Flow-6004: Design file modified: "D:/competition/video_stitching_scaling_v1/rtl/Video_processing_top_1/video_processing_controller.v". 
Parse module hierarchy of project 'D:/competition/video_stitching_scaling_v1/pango_project/temp_projects/Main_Flow/Main_Flow.pds' (ADS Parser)
I: Flow-6004: Design file modified: "D:/competition/video_stitching_scaling_v1/rtl/Controller.v". 
