#Build: Fabric Compiler 2022.1, Build 99559, Jul 12 00:20 2022
#Install: D:\pango\PDS_2022.1\bin
#Application name: pds_shell.exe
#OS: Windows 10 10.0.19045
#Hostname: DESKTOP-8PKN27U
Generated by Fabric Compiler (version 2022.1 build 99559) at Wed Oct 25 20:57:39 2023
Compiling verification operator library.
Compiling common defs.
Compiling prim grid devices.
Compiling gate devices.
Compiling gate operators.
Building architecture model.
Loading device packaging model.
Reading design from DB.
Start Generating Programming File...
Reading design from DB takes 4.734375 sec.
Generating architecture configuration.
The bitstream file is "D:/FPGA_projects/PANGOMICRO/video_stitching_scaling_v1/pango_project/generate_bitstream/video_stitching_scaling.sbit"
Generate programming file takes 28.953125 sec.
Generating Programming File done.
Action gen_bit_stream: Real time elapsed is 0h:0m:42s
Action gen_bit_stream: CPU time elapsed is 0h:0m:36s
Action gen_bit_stream: Process CPU time elapsed is 0h:0m:36s
Current time: Wed Oct 25 20:58:17 2023
Action gen_bit_stream: Peak memory pool usage is 755 MB
